20130820 15:12:09 'm_ddl_trang_thai' has a SelectedValue which is invalid because it does not exist in the list of items.
Parameter name: value
System.Web
20130820 15:12:09 Thread was being aborted.
App_Web_bsdfagps
20130820 15:12:12 'm_ddl_trang_thai' has a SelectedValue which is invalid because it does not exist in the list of items.
Parameter name: value
System.Web
20130820 15:12:12 Thread was being aborted.
App_Web_bsdfagps
20130820 15:12:14 'm_ddl_trang_thai' has a SelectedValue which is invalid because it does not exist in the list of items.
Parameter name: value
System.Web
20130820 15:12:14 Thread was being aborted.
App_Web_bsdfagps
20130820 15:12:16 'm_ddl_trang_thai' has a SelectedValue which is invalid because it does not exist in the list of items.
Parameter name: value
System.Web
20130820 15:12:16 Thread was being aborted.
App_Web_bsdfagps
20130820 15:12:18 'm_ddl_trang_thai' has a SelectedValue which is invalid because it does not exist in the list of items.
Parameter name: value
System.Web
20130820 15:12:18 Thread was being aborted.
App_Web_bsdfagps
20130820 15:12:21 'm_ddl_trang_thai' has a SelectedValue which is invalid because it does not exist in the list of items.
Parameter name: value
System.Web
20130820 15:12:21 Thread was being aborted.
App_Web_bsdfagps
